# Do not edit -- this file documents how Postfix was built for your machine.
#----------------------------------------------------------------
# Start of summary of user-configurable 'make makefiles' options.
# CCARGS=-DHAS_SHL_LOAD -DDEF_DAEMON_DIR=\"/usr/lib/postfix\" -DHAS_PCRE   -DUSE_TLS	-DUSE_SASL_AUTH -DUSE_CYRUS_SASL -I/usr/include/sasl -DHAS_PGSQL   -DHAS_MYSQL -I/usr/include/mysql -DHAS_LDAP -DHAS_SQLITE  
# AUXLIBS=-Wl,--as-needed -lpthread -lcrypt -lssl -lcrypto -lsasl2
# AUXLIBS_MYSQL=-L/usr/lib  -lmysqlclient  -lz -lssl -lcrypto
# AUXLIBS_LDAP=-lldap -llber
# AUXLIBS_PCRE=-lpcre  
# AUXLIBS_SQLITE=-lsqlite3  
# AUXLIBS_PGSQL=-lpq  
# shared=yes
# dynamicmaps=yes
# pie=
# End of summary of user-configurable 'make makefiles' options.
#--------------------------------------------------------------
# System-dependent settings and compiler/linker overrides.
SYSTYPE	= LINUX3
_AR	= ar
ARFL	= rv
_RANLIB	= ranlib
SYSLIBS	= -Wl,--as-needed -lpthread -lcrypt -lssl -lcrypto -lsasl2 -ldb -lresolv -ldl 
AUXLIBS_LDAP = -lldap -llber
AUXLIBS_MYSQL = -L/usr/lib -lmysqlclient -lz -lssl -lcrypto
AUXLIBS_PCRE = -lpcre 
AUXLIBS_PGSQL = -lpq 
AUXLIBS_SQLITE = -lsqlite3 
CC	= gcc -I. -I../../include -DHAS_SHL_LOAD -DDEF_DAEMON_DIR=\"/usr/lib/postfix\" -DHAS_PCRE -DUSE_TLS	-DUSE_SASL_AUTH -DUSE_CYRUS_SASL -I/usr/include/sasl -DHAS_PGSQL -DHAS_MYSQL -I/usr/include/mysql -DHAS_LDAP -DHAS_SQLITE -DNO_EAI -DUSE_DYNAMIC_LIBS -DUSE_DYNAMIC_MAPS $(WARN)
OPT	= -Os -fomit-frame-pointer
DEBUG	= 
AWK	= awk
STRCASE = 
EXPORT	= CCARGS='-I. -I../../include -DHAS_SHL_LOAD -DDEF_DAEMON_DIR=\"/usr/lib/postfix\" -DHAS_PCRE -DUSE_TLS	-DUSE_SASL_AUTH -DUSE_CYRUS_SASL -I/usr/include/sasl -DHAS_PGSQL -DHAS_MYSQL -I/usr/include/mysql -DHAS_LDAP -DHAS_SQLITE -DNO_EAI -DUSE_DYNAMIC_LIBS -DUSE_DYNAMIC_MAPS' OPT='-Os -fomit-frame-pointer' DEBUG=''
WARN	= -Wall -Wno-comment -Wformat -Wimplicit -Wmissing-prototypes \
	-Wparentheses -Wstrict-prototypes -Wswitch -Wuninitialized \
	-Wunused -Wno-missing-braces
DEFINED_MAP_TYPES = shl_load pcre pgsql mysql ldap sqlite
MAKE_FIX = 
# Switch between Postfix static and dynamically-linked libraries.
AR	= :
RANLIB	= :
LIB_PREFIX = postfix-
LIB_SUFFIX = .so
SHLIB_CFLAGS = -fPIC
SHLIB_DIR = /usr/lib/postfix
SHLIB_LD = gcc -shared -Wl,-soname,${LIB}
SHLIB_SYSLIBS = -Wl,--as-needed -lpthread -lcrypt -lssl -lcrypto -lsasl2 -ldb -lresolv -ldl
SHLIB_RPATH = -Wl,--enable-new-dtags -Wl,-rpath,${SHLIB_DIR}
# Switch between dynamicmaps.cf plugins and hard-linked databases.
NON_PLUGIN_MAP_OBJ = 
PLUGIN_MAP_OBJ = $(MAP_OBJ)
PLUGIN_MAP_OBJ_UPDATE = plugin_map_obj_update
PLUGIN_MAP_SO_MAKE = plugin_map_so_make
PLUGIN_MAP_SO_UPDATE = plugin_map_so_update
PLUGIN_LD = gcc -shared
# Application-specific rules.
